0 info it worked if it ends with ok
1 verbose cli [ '/usr/bin/nodejs', '/usr/bin/npm', 'run', 'dev' ]
2 info using npm@3.10.10
3 info using node@v6.10.3
4 verbose run-script [ 'predev', 'dev', 'postdev' ]
5 info lifecycle amarjotsingh@1.0.0~predev: amarjotsingh@1.0.0
6 verbose lifecycle amarjotsingh@1.0.0~predev: unsafe-perm in lifecycle true
7 verbose lifecycle amarjotsingh@1.0.0~predev: PATH: /usr/lib/node_modules/npm/bin/node-gyp-bin:/home/amarjot/Desktop/chariatable website/node_modules/.bin:/home/amarjot/.local/share/umake/bin:/home/amarjot/bin:/home/amarjot/.local/bin:/usr/local/sbin:/usr/local/bin:/usr/sbin:/usr/bin:/sbin:/bin:/usr/games:/usr/local/games:/snap/bin
8 verbose lifecycle amarjotsingh@1.0.0~predev: CWD: /home/amarjot/Desktop/chariatable website
9 silly lifecycle amarjotsingh@1.0.0~predev: Args: [ '-c', 'grunt' ]
10 silly lifecycle amarjotsingh@1.0.0~predev: Returned: code: 3  signal: null
11 info lifecycle amarjotsingh@1.0.0~predev: Failed to exec predev script
12 verbose stack Error: amarjotsingh@1.0.0 predev: `grunt`
12 verbose stack Exit status 3
12 verbose stack     at EventEmitter.<anonymous> (/usr/lib/node_modules/npm/lib/utils/lifecycle.js:255:16)
12 verbose stack     at emitTwo (events.js:106:13)
12 verbose stack     at EventEmitter.emit (events.js:191:7)
12 verbose stack     at ChildProcess.<anonymous> (/usr/lib/node_modules/npm/lib/utils/spawn.js:40:14)
12 verbose stack     at emitTwo (events.js:106:13)
12 verbose stack     at ChildProcess.emit (events.js:191:7)
12 verbose stack     at maybeClose (internal/child_process.js:886:16)
12 verbose stack     at Process.ChildProcess._handle.onexit (internal/child_process.js:226:5)
13 verbose pkgid amarjotsingh@1.0.0
14 verbose cwd /home/amarjot/Desktop/chariatable website
15 error Linux 4.8.0-56-generic
16 error argv "/usr/bin/nodejs" "/usr/bin/npm" "run" "dev"
17 error node v6.10.3
18 error npm  v3.10.10
19 error code ELIFECYCLE
20 error amarjotsingh@1.0.0 predev: `grunt`
20 error Exit status 3
21 error Failed at the amarjotsingh@1.0.0 predev script 'grunt'.
21 error Make sure you have the latest version of node.js and npm installed.
21 error If you do, this is most likely a problem with the amarjotsingh package,
21 error not with npm itself.
21 error Tell the author that this fails on your system:
21 error     grunt
21 error You can get information on how to open an issue for this project with:
21 error     npm bugs amarjotsingh
21 error Or if that isn't available, you can get their info via:
21 error     npm owner ls amarjotsingh
21 error There is likely additional logging output above.
22 verbose exit [ 1, true ]
